2025-04-05 17:21:56,753 - __main__ - INFO - Hue App started 2025-04-05 17:21:56
2025-04-05 17:21:56,777 - __main__ - INFO - Hue App started 2025-04-05 17:21:56
2025-04-05 17:22:14,058 - __main__ - INFO - Hue App started 2025-04-05 17:22:14
2025-04-05 17:22:14,083 - __main__ - INFO - Hue App started 2025-04-05 17:22:14
2025-04-05 17:22:48,837 - __main__ - INFO - Hue App started 2025-04-05 17:22:48
2025-04-05 17:22:48,840 - __main__ - INFO - Polling update at 17:22:48
2025-04-05 17:22:48,855 - __main__ - INFO - Hue App started 2025-04-05 17:22:48
2025-04-13 11:41:23,675 - __main__ - INFO - Hue App started 2025-04-13 11:41:23
2025-04-13 11:41:23,807 - __main__ - INFO - Polling update at 11:41:23
2025-04-13 11:41:23,823 - __main__ - INFO - Hue App started 2025-04-13 11:41:23
2025-04-13 11:41:30,856 - __main__ - INFO - Hue App started 2025-04-13 11:41:30
2025-04-13 11:41:30,858 - __main__ - INFO - Polling update at 11:41:30
2025-04-13 11:41:30,872 - __main__ - INFO - Hue App started 2025-04-13 11:41:30
2025-04-13 11:41:42,800 - __main__ - INFO - Hue App started 2025-04-13 11:41:42
2025-04-13 11:41:42,802 - __main__ - INFO - Polling update at 11:41:42
2025-04-13 11:41:42,818 - __main__ - INFO - Hue App started 2025-04-13 11:41:42
2025-04-13 11:44:29,879 - __main__ - INFO - Hue App started 2025-04-13 11:44:29
2025-04-13 11:44:29,966 - __main__ - INFO - Polling update at 11:44:29
2025-04-13 11:44:29,988 - __main__ - INFO - Hue App started 2025-04-13 11:44:29
2025-04-13 11:44:36,133 - __main__ - INFO - Hue App started 2025-04-13 11:44:36
2025-04-13 11:44:36,134 - __main__ - INFO - Polling update at 11:44:36
2025-04-13 11:44:36,148 - __main__ - INFO - Hue App started 2025-04-13 11:44:36
2025-04-13 11:50:05,705 - __main__ - INFO - Hue App started 2025-04-13 11:50:05
2025-04-13 11:50:05,796 - __main__ - INFO - Polling update at 11:50:05
2025-04-13 11:50:05,818 - __main__ - INFO - Hue App started 2025-04-13 11:50:05
2025-04-13 11:50:09,410 - __main__ - INFO - Hue App started 2025-04-13 11:50:09
2025-04-13 11:50:09,411 - __main__ - INFO - Polling update at 11:50:09
2025-04-13 11:50:09,428 - __main__ - INFO - Hue App started 2025-04-13 11:50:09
2025-04-13 11:50:14,495 - __main__ - INFO - Hue App started 2025-04-13 11:50:14
2025-04-13 11:50:14,496 - __main__ - INFO - Polling update at 11:50:14
2025-04-13 11:50:14,514 - __main__ - INFO - Hue App started 2025-04-13 11:50:14
2025-04-13 11:50:15,519 - __main__ - INFO - Hue App started 2025-04-13 11:50:15
2025-04-13 11:50:15,520 - __main__ - INFO - Polling update at 11:50:15
2025-04-13 11:50:15,540 - __main__ - INFO - Hue App started 2025-04-13 11:50:15
2025-04-13 11:50:17,889 - __main__ - INFO - Hue App started 2025-04-13 11:50:17
2025-04-13 11:50:17,890 - __main__ - INFO - Polling update at 11:50:17
2025-04-13 11:50:17,906 - __main__ - INFO - Hue App started 2025-04-13 11:50:17
2025-04-13 11:50:19,114 - __main__ - INFO - Hue App started 2025-04-13 11:50:19
2025-04-13 11:50:19,116 - __main__ - INFO - Polling update at 11:50:19
2025-04-13 11:50:19,137 - __main__ - INFO - Hue App started 2025-04-13 11:50:19
2025-04-20 16:42:00,669 - __main__ - INFO - Hue App started 2025-04-20 16:42:00
2025-04-20 16:42:00,806 - __main__ - INFO - Polling update at 16:42:00
2025-04-20 16:42:00,826 - __main__ - INFO - Hue App started 2025-04-20 16:42:00
2025-04-20 16:42:06,926 - __main__ - INFO - Hue App started 2025-04-20 16:42:06
2025-04-20 16:42:06,928 - __main__ - INFO - Polling update at 16:42:06
2025-04-20 16:42:06,947 - __main__ - INFO - Hue App started 2025-04-20 16:42:06
2025-04-20 16:42:28,025 - __main__ - INFO - Hue App started 2025-04-20 16:42:28
2025-04-20 16:42:28,026 - __main__ - INFO - Polling update at 16:42:28
2025-04-20 16:42:28,051 - __main__ - INFO - Hue App started 2025-04-20 16:42:28
2025-04-20 16:42:28,913 - __main__ - INFO - Hue App started 2025-04-20 16:42:28
2025-04-20 16:42:29,826 - __main__ - INFO - Set light Front Room Lamp 1 to state: True
2025-04-20 16:42:29,845 - __main__ - INFO - Hue App started 2025-04-20 16:42:29
2025-04-20 16:42:29,847 - __main__ - INFO - Polling update at 16:42:29
2025-04-20 16:42:29,866 - __main__ - INFO - Hue App started 2025-04-20 16:42:29
2025-04-20 16:43:05,984 - __main__ - INFO - Hue App started 2025-04-20 16:43:05
2025-04-20 16:43:05,986 - __main__ - INFO - Polling update at 16:43:05
2025-04-20 16:43:06,006 - __main__ - INFO - Hue App started 2025-04-20 16:43:06
2025-04-20 16:43:10,402 - __main__ - INFO - Hue App started 2025-04-20 16:43:10
2025-04-20 16:43:10,404 - __main__ - INFO - Polling update at 16:43:10
2025-04-20 16:43:10,424 - __main__ - INFO - Hue App started 2025-04-20 16:43:10
2025-04-20 16:43:11,085 - __main__ - INFO - Hue App started 2025-04-20 16:43:11
2025-04-20 16:43:11,965 - __main__ - INFO - Set light Front Room Lamp 1 to state: True
2025-04-20 16:43:11,981 - __main__ - INFO - Hue App started 2025-04-20 16:43:11
2025-04-20 16:43:11,983 - __main__ - INFO - Polling update at 16:43:11
2025-04-20 16:43:12,000 - __main__ - INFO - Hue App started 2025-04-20 16:43:12
2025-04-20 16:43:12,051 - __main__ - INFO - Hue App started 2025-04-20 16:43:12
2025-04-20 16:43:13,271 - __main__ - INFO - Set group Front Room to state: False
2025-04-20 16:43:13,285 - __main__ - INFO - Hue App started 2025-04-20 16:43:13
2025-04-20 16:43:13,287 - __main__ - INFO - Polling update at 16:43:13
2025-04-20 16:43:13,304 - __main__ - INFO - Hue App started 2025-04-20 16:43:13
2025-04-20 16:43:21,784 - __main__ - INFO - Hue App started 2025-04-20 16:43:21
2025-04-20 16:43:21,786 - __main__ - INFO - Polling update at 16:43:21
2025-04-20 16:43:21,803 - __main__ - INFO - Hue App started 2025-04-20 16:43:21
2025-04-20 16:43:46,799 - __main__ - INFO - Hue App started 2025-04-20 16:43:46
2025-04-20 16:43:46,801 - __main__ - INFO - Polling update at 16:43:46
2025-04-20 16:43:46,821 - __main__ - INFO - Hue App started 2025-04-20 16:43:46
2025-04-20 16:45:58,755 - __main__ - INFO - Hue App started 2025-04-20 16:45:58
2025-04-20 16:45:58,759 - __main__ - INFO - Polling update at 16:45:58
2025-04-20 16:45:58,778 - __main__ - INFO - Hue App started 2025-04-20 16:45:58
2025-04-20 16:46:08,357 - __main__ - INFO - Hue App started 2025-04-20 16:46:08
2025-04-20 16:46:08,359 - __main__ - INFO - Polling update at 16:46:08
2025-04-20 16:46:08,383 - __main__ - INFO - Hue App started 2025-04-20 16:46:08
2025-04-20 16:46:10,349 - __main__ - INFO - Hue App started 2025-04-20 16:46:10
2025-04-20 16:46:10,351 - __main__ - INFO - Polling update at 16:46:10
2025-04-20 16:46:10,373 - __main__ - INFO - Hue App started 2025-04-20 16:46:10
2025-04-20 16:46:16,280 - __main__ - INFO - Hue App started 2025-04-20 16:46:16
2025-04-20 16:46:16,282 - __main__ - INFO - Polling update at 16:46:16
2025-04-20 16:46:16,302 - __main__ - INFO - Hue App started 2025-04-20 16:46:16
2025-04-20 16:46:53,488 - __main__ - INFO - Hue App started 2025-04-20 16:46:53
2025-04-20 16:46:53,490 - __main__ - INFO - Polling update at 16:46:53
2025-04-20 16:46:53,506 - __main__ - INFO - Hue App started 2025-04-20 16:46:53
2025-04-20 16:46:56,361 - __main__ - INFO - Hue App started 2025-04-20 16:46:56
2025-04-20 16:46:56,365 - __main__ - INFO - Polling update at 16:46:56
2025-04-20 16:46:56,384 - __main__ - INFO - Hue App started 2025-04-20 16:46:56
2025-04-20 16:47:01,719 - __main__ - INFO - Hue App started 2025-04-20 16:47:01
2025-04-20 16:47:01,721 - __main__ - INFO - Polling update at 16:47:01
2025-04-20 16:47:01,739 - __main__ - INFO - Hue App started 2025-04-20 16:47:01
2025-04-20 16:48:51,475 - __main__ - INFO - Hue App started 2025-04-20 16:48:51
2025-04-20 16:48:51,477 - __main__ - INFO - Polling update at 16:48:51
2025-04-20 16:48:51,498 - __main__ - INFO - Hue App started 2025-04-20 16:48:51
2025-04-20 16:50:45,860 - __main__ - INFO - Hue App started 2025-04-20 16:50:45
2025-04-20 16:50:45,863 - __main__ - INFO - Polling update at 16:50:45
2025-04-20 16:50:45,883 - __main__ - INFO - Hue App started 2025-04-20 16:50:45
2025-04-20 16:51:38,156 - __main__ - INFO - Hue App started 2025-04-20 16:51:38
2025-04-20 16:51:38,244 - __main__ - INFO - Polling update at 16:51:38
2025-04-20 16:51:38,261 - __main__ - INFO - Hue App started 2025-04-20 16:51:38
2025-04-20 16:52:51,648 - __main__ - INFO - Hue App started 2025-04-20 16:52:51
2025-04-20 16:52:51,651 - __main__ - INFO - Polling update at 16:52:51
2025-04-20 16:52:51,671 - __main__ - INFO - Hue App started 2025-04-20 16:52:51
2025-04-20 16:52:54,332 - __main__ - INFO - Hue App started 2025-04-20 16:52:54
2025-04-20 16:52:54,333 - __main__ - INFO - Polling update at 16:52:54
2025-04-20 16:52:54,354 - __main__ - INFO - Hue App started 2025-04-20 16:52:54
2025-04-20 16:53:03,175 - __main__ - INFO - Hue App started 2025-04-20 16:53:03
2025-04-20 16:53:03,176 - __main__ - INFO - Polling update at 16:53:03
2025-04-20 16:53:03,196 - __main__ - INFO - Hue App started 2025-04-20 16:53:03
2025-04-20 16:54:15,697 - __main__ - INFO - Hue App started 2025-04-20 16:54:15
2025-04-20 16:54:15,700 - __main__ - INFO - Polling update at 16:54:15
2025-04-20 16:54:15,717 - __main__ - INFO - Hue App started 2025-04-20 16:54:15
2025-04-20 16:54:16,053 - __main__ - INFO - Light Table Lamp brightness: 0
2025-04-20 16:54:16,056 - __main__ - INFO - Light Reading Lamp brightness: 0
2025-04-20 16:54:16,058 - __main__ - INFO - Light Tall Lamp brightness: 0
2025-04-20 16:54:16,061 - __main__ - INFO - Light Kitchen Sink brightness: 0
2025-04-20 16:54:16,064 - __main__ - INFO - Light Front Room Lamp 2 brightness: 0
2025-04-20 16:54:16,066 - __main__ - INFO - Light Front Room Lamp 1 brightness: 0
2025-04-20 16:54:16,069 - __main__ - INFO - Light Bedroom Lamp 2 brightness: 0
2025-04-20 16:54:16,071 - __main__ - INFO - Light Bedroom Lamp 1 brightness: 0
2025-04-20 16:54:16,074 - __main__ - INFO - Light Living Room Downlight 1 brightness: 0
2025-04-20 16:54:16,076 - __main__ - INFO - Light Living Room Downlight 2 brightness: 0
2025-04-20 16:54:16,078 - __main__ - INFO - Light Living Room Downlight 3 brightness: 0
2025-04-20 16:54:16,080 - __main__ - INFO - Light Living Room Downlight 4 brightness: 0
2025-04-20 16:57:20,352 - __main__ - INFO - Hue App started 2025-04-20 16:57:20
2025-04-20 16:57:20,353 - __main__ - INFO - Polling update at 16:57:20
2025-04-20 16:57:20,370 - __main__ - INFO - Hue App started 2025-04-20 16:57:20
2025-04-20 16:57:22,503 - __main__ - INFO - Light Table Lamp brightness: 0
2025-04-20 16:57:22,506 - __main__ - INFO - Light Reading Lamp brightness: 0
2025-04-20 16:57:22,509 - __main__ - INFO - Light Tall Lamp brightness: 0
2025-04-20 16:57:22,512 - __main__ - INFO - Light Kitchen Sink brightness: 0
2025-04-20 16:57:22,516 - __main__ - INFO - Light Front Room Lamp 2 brightness: 0
2025-04-20 16:57:22,518 - __main__ - INFO - Light Front Room Lamp 1 brightness: 0
2025-04-20 16:57:22,523 - __main__ - INFO - Light Bedroom Lamp 2 brightness: 0
2025-04-20 16:57:22,525 - __main__ - INFO - Light Bedroom Lamp 1 brightness: 0
2025-04-20 16:57:22,529 - __main__ - INFO - Light Living Room Downlight 1 brightness: 0
2025-04-20 16:57:22,531 - __main__ - INFO - Light Living Room Downlight 2 brightness: 0
2025-04-20 16:57:22,534 - __main__ - INFO - Light Living Room Downlight 3 brightness: 0
2025-04-20 16:57:22,537 - __main__ - INFO - Light Living Room Downlight 4 brightness: 0
2025-04-20 16:57:43,711 - __main__ - INFO - Hue App started 2025-04-20 16:57:43
2025-04-20 16:57:43,714 - __main__ - INFO - Polling update at 16:57:43
2025-04-20 16:57:43,742 - __main__ - INFO - Hue App started 2025-04-20 16:57:43
2025-04-20 16:57:44,129 - __main__ - INFO - Light Table Lamp has no brightness attribute
2025-04-20 16:57:44,129 - __main__ - INFO - Light Table Lamp brightness: 0
2025-04-20 16:57:44,129 - __main__ - INFO - Light Table Lamp has no brightness attribute
2025-04-20 16:57:44,130 - __main__ - INFO - Light Table Lamp has no brightness attribute
2025-04-20 16:57:44,131 - __main__ - INFO - Light Reading Lamp has no brightness attribute
2025-04-20 16:57:44,132 - __main__ - INFO - Light Reading Lamp brightness: 0
2025-04-20 16:57:44,132 - __main__ - INFO - Light Reading Lamp has no brightness attribute
2025-04-20 16:57:44,132 - __main__ - INFO - Light Reading Lamp has no brightness attribute
2025-04-20 16:57:44,134 - __main__ - INFO - Light Tall Lamp has no brightness attribute
2025-04-20 16:57:44,134 - __main__ - INFO - Light Tall Lamp brightness: 0
2025-04-20 16:57:44,134 - __main__ - INFO - Light Tall Lamp has no brightness attribute
2025-04-20 16:57:44,134 - __main__ - INFO - Light Tall Lamp has no brightness attribute
2025-04-20 16:57:44,137 - __main__ - INFO - Light Kitchen Sink has no brightness attribute
2025-04-20 16:57:44,137 - __main__ - INFO - Light Kitchen Sink brightness: 0
2025-04-20 16:57:44,137 - __main__ - INFO - Light Kitchen Sink has no brightness attribute
2025-04-20 16:57:44,138 - __main__ - INFO - Light Kitchen Sink has no brightness attribute
2025-04-20 16:57:44,141 - __main__ - INFO - Light Front Room Lamp 2 has no brightness attribute
2025-04-20 16:57:44,141 - __main__ - INFO - Light Front Room Lamp 2 brightness: 0
2025-04-20 16:57:44,141 - __main__ - INFO - Light Front Room Lamp 2 has no brightness attribute
2025-04-20 16:57:44,141 - __main__ - INFO - Light Front Room Lamp 2 has no brightness attribute
2025-04-20 16:57:44,143 - __main__ - INFO - Light Front Room Lamp 1 has no brightness attribute
2025-04-20 16:57:44,143 - __main__ - INFO - Light Front Room Lamp 1 brightness: 0
2025-04-20 16:57:44,143 - __main__ - INFO - Light Front Room Lamp 1 has no brightness attribute
2025-04-20 16:57:44,143 - __main__ - INFO - Light Front Room Lamp 1 has no brightness attribute
2025-04-20 16:57:44,146 - __main__ - INFO - Light Bedroom Lamp 2 has no brightness attribute
2025-04-20 16:57:44,146 - __main__ - INFO - Light Bedroom Lamp 2 brightness: 0
2025-04-20 16:57:44,146 - __main__ - INFO - Light Bedroom Lamp 2 has no brightness attribute
2025-04-20 16:57:44,147 - __main__ - INFO - Light Bedroom Lamp 2 has no brightness attribute
2025-04-20 16:57:44,148 - __main__ - INFO - Light Bedroom Lamp 1 has no brightness attribute
2025-04-20 16:57:44,149 - __main__ - INFO - Light Bedroom Lamp 1 brightness: 0
2025-04-20 16:57:44,149 - __main__ - INFO - Light Bedroom Lamp 1 has no brightness attribute
2025-04-20 16:57:44,149 - __main__ - INFO - Light Bedroom Lamp 1 has no brightness attribute
2025-04-20 16:57:44,152 - __main__ - INFO - Light Living Room Downlight 1 has no brightness attribute
2025-04-20 16:57:44,152 - __main__ - INFO - Light Living Room Downlight 1 brightness: 0
2025-04-20 16:57:44,152 - __main__ - INFO - Light Living Room Downlight 1 has no brightness attribute
2025-04-20 16:57:44,152 - __main__ - INFO - Light Living Room Downlight 1 has no brightness attribute
2025-04-20 16:57:44,154 - __main__ - INFO - Light Living Room Downlight 2 has no brightness attribute
2025-04-20 16:57:44,154 - __main__ - INFO - Light Living Room Downlight 2 brightness: 0
2025-04-20 16:57:44,154 - __main__ - INFO - Light Living Room Downlight 2 has no brightness attribute
2025-04-20 16:57:44,154 - __main__ - INFO - Light Living Room Downlight 2 has no brightness attribute
2025-04-20 16:57:44,156 - __main__ - INFO - Light Living Room Downlight 3 has no brightness attribute
2025-04-20 16:57:44,156 - __main__ - INFO - Light Living Room Downlight 3 brightness: 0
2025-04-20 16:57:44,156 - __main__ - INFO - Light Living Room Downlight 3 has no brightness attribute
2025-04-20 16:57:44,156 - __main__ - INFO - Light Living Room Downlight 3 has no brightness attribute
2025-04-20 16:57:44,158 - __main__ - INFO - Light Living Room Downlight 4 has no brightness attribute
2025-04-20 16:57:44,158 - __main__ - INFO - Light Living Room Downlight 4 brightness: 0
2025-04-20 16:57:44,158 - __main__ - INFO - Light Living Room Downlight 4 has no brightness attribute
2025-04-20 16:57:44,159 - __main__ - INFO - Light Living Room Downlight 4 has no brightness attribute
2025-04-20 16:57:58,101 - __main__ - INFO - Hue App started 2025-04-20 16:57:58
2025-04-20 16:57:58,103 - __main__ - INFO - Polling update at 16:57:58
2025-04-20 16:57:58,137 - __main__ - INFO - Hue App started 2025-04-20 16:57:58
2025-04-20 16:57:58,468 - __main__ - INFO - ERROR - Light Table Lamp has no brightness attribute
2025-04-20 16:57:58,468 - __main__ - INFO - Light Table Lamp brightness: 0
2025-04-20 16:57:58,468 - __main__ - INFO - ERROR - Light Table Lamp has no brightness attribute
2025-04-20 16:57:58,469 - __main__ - INFO - ERROR - Light Table Lamp has no brightness attribute
2025-04-20 16:57:58,470 - __main__ - INFO - ERROR - Light Reading Lamp has no brightness attribute
2025-04-20 16:57:58,470 - __main__ - INFO - Light Reading Lamp brightness: 0
2025-04-20 16:57:58,470 - __main__ - INFO - ERROR - Light Reading Lamp has no brightness attribute
2025-04-20 16:57:58,471 - __main__ - INFO - ERROR - Light Reading Lamp has no brightness attribute
2025-04-20 16:57:58,472 - __main__ - INFO - ERROR - Light Tall Lamp has no brightness attribute
2025-04-20 16:57:58,472 - __main__ - INFO - Light Tall Lamp brightness: 0
2025-04-20 16:57:58,472 - __main__ - INFO - ERROR - Light Tall Lamp has no brightness attribute
2025-04-20 16:57:58,473 - __main__ - INFO - ERROR - Light Tall Lamp has no brightness attribute
2025-04-20 16:57:58,475 - __main__ - INFO - ERROR - Light Kitchen Sink has no brightness attribute
2025-04-20 16:57:58,476 - __main__ - INFO - Light Kitchen Sink brightness: 0
2025-04-20 16:57:58,476 - __main__ - INFO - ERROR - Light Kitchen Sink has no brightness attribute
2025-04-20 16:57:58,476 - __main__ - INFO - ERROR - Light Kitchen Sink has no brightness attribute
2025-04-20 16:57:58,479 - __main__ - INFO - ERROR - Light Front Room Lamp 2 has no brightness attribute
2025-04-20 16:57:58,479 - __main__ - INFO - Light Front Room Lamp 2 brightness: 0
2025-04-20 16:57:58,479 - __main__ - INFO - ERROR - Light Front Room Lamp 2 has no brightness attribute
2025-04-20 16:57:58,479 - __main__ - INFO - ERROR - Light Front Room Lamp 2 has no brightness attribute
2025-04-20 16:57:58,481 - __main__ - INFO - ERROR - Light Front Room Lamp 1 has no brightness attribute
2025-04-20 16:57:58,481 - __main__ - INFO - Light Front Room Lamp 1 brightness: 0
2025-04-20 16:57:58,481 - __main__ - INFO - ERROR - Light Front Room Lamp 1 has no brightness attribute
2025-04-20 16:57:58,481 - __main__ - INFO - ERROR - Light Front Room Lamp 1 has no brightness attribute
2025-04-20 16:57:58,484 - __main__ - INFO - ERROR - Light Bedroom Lamp 2 has no brightness attribute
2025-04-20 16:57:58,484 - __main__ - INFO - Light Bedroom Lamp 2 brightness: 0
2025-04-20 16:57:58,484 - __main__ - INFO - ERROR - Light Bedroom Lamp 2 has no brightness attribute
2025-04-20 16:57:58,484 - __main__ - INFO - ERROR - Light Bedroom Lamp 2 has no brightness attribute
2025-04-20 16:57:58,486 - __main__ - INFO - ERROR - Light Bedroom Lamp 1 has no brightness attribute
2025-04-20 16:57:58,486 - __main__ - INFO - Light Bedroom Lamp 1 brightness: 0
2025-04-20 16:57:58,486 - __main__ - INFO - ERROR - Light Bedroom Lamp 1 has no brightness attribute
2025-04-20 16:57:58,487 - __main__ - INFO - ERROR - Light Bedroom Lamp 1 has no brightness attribute
2025-04-20 16:57:58,489 - __main__ - INFO - ERROR - Light Living Room Downlight 1 has no brightness attribute
2025-04-20 16:57:58,489 - __main__ - INFO - Light Living Room Downlight 1 brightness: 0
2025-04-20 16:57:58,490 - __main__ - INFO - ERROR - Light Living Room Downlight 1 has no brightness attribute
2025-04-20 16:57:58,490 - __main__ - INFO - ERROR - Light Living Room Downlight 1 has no brightness attribute
2025-04-20 16:57:58,492 - __main__ - INFO - ERROR - Light Living Room Downlight 2 has no brightness attribute
2025-04-20 16:57:58,492 - __main__ - INFO - Light Living Room Downlight 2 brightness: 0
2025-04-20 16:57:58,492 - __main__ - INFO - ERROR - Light Living Room Downlight 2 has no brightness attribute
2025-04-20 16:57:58,492 - __main__ - INFO - ERROR - Light Living Room Downlight 2 has no brightness attribute
2025-04-20 16:57:58,494 - __main__ - INFO - ERROR - Light Living Room Downlight 3 has no brightness attribute
2025-04-20 16:57:58,494 - __main__ - INFO - Light Living Room Downlight 3 brightness: 0
2025-04-20 16:57:58,494 - __main__ - INFO - ERROR - Light Living Room Downlight 3 has no brightness attribute
2025-04-20 16:57:58,494 - __main__ - INFO - ERROR - Light Living Room Downlight 3 has no brightness attribute
2025-04-20 16:57:58,496 - __main__ - INFO - ERROR - Light Living Room Downlight 4 has no brightness attribute
2025-04-20 16:57:58,496 - __main__ - INFO - Light Living Room Downlight 4 brightness: 0
2025-04-20 16:57:58,496 - __main__ - INFO - ERROR - Light Living Room Downlight 4 has no brightness attribute
2025-04-20 16:57:58,497 - __main__ - INFO - ERROR - Light Living Room Downlight 4 has no brightness attribute
2025-06-07 12:30:13,772 - __main__ - INFO - Hue App started 2025-06-07 12:30:13
2025-06-07 12:30:14,297 - __main__ - INFO - Auto-refresh update at 12:30:14
2025-06-07 12:30:14,313 - __main__ - INFO - Hue App started 2025-06-07 12:30:14
2025-06-07 12:30:14,818 - __main__ - WARNING - Light Table Lamp has no brightness attribute
2025-06-07 12:30:14,820 - __main__ - WARNING - Light Reading Lamp has no brightness attribute
2025-06-07 12:30:14,822 - __main__ - WARNING - Light Tall Lamp has no brightness attribute
2025-06-07 12:30:14,825 - __main__ - WARNING - Light Kitchen Sink has no brightness attribute
2025-06-07 12:30:14,828 - __main__ - WARNING - Light Front Room Lamp 2 has no brightness attribute
2025-06-07 12:30:14,830 - __main__ - WARNING - Light Front Room Lamp 1 has no brightness attribute
2025-06-07 12:30:14,834 - __main__ - WARNING - Light Bedroom Lamp 2 has no brightness attribute
2025-06-07 12:30:14,836 - __main__ - WARNING - Light Bedroom Lamp 1 has no brightness attribute
2025-06-07 12:30:14,838 - __main__ - WARNING - Light Living Room Downlight 1 has no brightness attribute
2025-06-07 12:30:14,839 - __main__ - WARNING - Light Living Room Downlight 2 has no brightness attribute
2025-06-07 12:30:14,842 - __main__ - WARNING - Light Living Room Downlight 3 has no brightness attribute
2025-06-07 12:30:14,843 - __main__ - WARNING - Light Living Room Downlight 4 has no brightness attribute
2025-06-07 12:30:14,844 - __main__ - WARNING - Light Table Lamp has no brightness attribute
2025-06-07 12:30:14,846 - __main__ - WARNING - Light Tall Lamp has no brightness attribute
2025-06-07 12:30:14,850 - __main__ - WARNING - Light Reading Lamp has no brightness attribute
2025-06-07 12:30:14,853 - __main__ - WARNING - Light Kitchen Sink has no brightness attribute
2025-06-07 12:30:14,855 - __main__ - WARNING - Light Front Room Lamp 2 has no brightness attribute
2025-06-07 12:30:14,858 - __main__ - WARNING - Light Front Room Lamp 1 has no brightness attribute
2025-06-07 12:30:14,861 - __main__ - WARNING - Light Bedroom Lamp 1 has no brightness attribute
2025-06-07 12:30:14,863 - __main__ - WARNING - Light Bedroom Lamp 2 has no brightness attribute
2025-06-07 12:30:14,866 - __main__ - WARNING - Light Living Room Downlight 1 has no brightness attribute
2025-06-07 12:30:14,868 - __main__ - WARNING - Light Living Room Downlight 2 has no brightness attribute
2025-06-07 12:30:14,870 - __main__ - WARNING - Light Living Room Downlight 3 has no brightness attribute
2025-06-07 12:30:14,873 - __main__ - WARNING - Light Living Room Downlight 4 has no brightness attribute
2025-06-07 12:30:20,480 - __main__ - INFO - Hue App started 2025-06-07 12:30:20
2025-06-07 12:30:20,635 - __main__ - INFO - Auto-refresh update at 12:30:20
2025-06-07 12:30:20,649 - __main__ - INFO - Hue App started 2025-06-07 12:30:20
2025-06-07 12:30:21,091 - __main__ - WARNING - Light Table Lamp has no brightness attribute
2025-06-07 12:30:21,093 - __main__ - WARNING - Light Reading Lamp has no brightness attribute
2025-06-07 12:30:21,094 - __main__ - WARNING - Light Tall Lamp has no brightness attribute
2025-06-07 12:30:21,097 - __main__ - WARNING - Light Kitchen Sink has no brightness attribute
2025-06-07 12:30:21,100 - __main__ - WARNING - Light Front Room Lamp 2 has no brightness attribute
2025-06-07 12:30:21,102 - __main__ - WARNING - Light Front Room Lamp 1 has no brightness attribute
2025-06-07 12:30:21,105 - __main__ - WARNING - Light Bedroom Lamp 2 has no brightness attribute
2025-06-07 12:30:21,108 - __main__ - WARNING - Light Bedroom Lamp 1 has no brightness attribute
2025-06-07 12:30:21,111 - __main__ - WARNING - Light Living Room Downlight 1 has no brightness attribute
2025-06-07 12:30:21,113 - __main__ - WARNING - Light Living Room Downlight 2 has no brightness attribute
2025-06-07 12:30:21,115 - __main__ - WARNING - Light Living Room Downlight 3 has no brightness attribute
2025-06-07 12:30:21,117 - __main__ - WARNING - Light Living Room Downlight 4 has no brightness attribute
2025-06-07 12:30:21,119 - __main__ - WARNING - Light Table Lamp has no brightness attribute
2025-06-07 12:30:21,120 - __main__ - WARNING - Light Tall Lamp has no brightness attribute
2025-06-07 12:30:21,123 - __main__ - WARNING - Light Reading Lamp has no brightness attribute
2025-06-07 12:30:21,125 - __main__ - WARNING - Light Kitchen Sink has no brightness attribute
2025-06-07 12:30:21,126 - __main__ - WARNING - Light Front Room Lamp 2 has no brightness attribute
2025-06-07 12:30:21,128 - __main__ - WARNING - Light Front Room Lamp 1 has no brightness attribute
2025-06-07 12:30:21,130 - __main__ - WARNING - Light Bedroom Lamp 1 has no brightness attribute
2025-06-07 12:30:21,132 - __main__ - WARNING - Light Bedroom Lamp 2 has no brightness attribute
2025-06-07 12:30:21,134 - __main__ - WARNING - Light Living Room Downlight 1 has no brightness attribute
2025-06-07 12:30:21,137 - __main__ - WARNING - Light Living Room Downlight 2 has no brightness attribute
2025-06-07 12:30:21,139 - __main__ - WARNING - Light Living Room Downlight 3 has no brightness attribute
2025-06-07 12:30:21,141 - __main__ - WARNING - Light Living Room Downlight 4 has no brightness attribute
2025-06-07 12:30:27,082 - __main__ - INFO - Hue App started 2025-06-07 12:30:27
2025-06-07 12:30:27,244 - __main__ - INFO - Auto-refresh update at 12:30:27
2025-06-07 12:30:27,254 - __main__ - INFO - Hue App started 2025-06-07 12:30:27
2025-06-07 12:30:27,712 - __main__ - WARNING - Light Table Lamp has no brightness attribute
2025-06-07 12:30:27,714 - __main__ - WARNING - Light Reading Lamp has no brightness attribute
2025-06-07 12:30:27,716 - __main__ - WARNING - Light Tall Lamp has no brightness attribute
2025-06-07 12:30:27,719 - __main__ - WARNING - Light Kitchen Sink has no brightness attribute
2025-06-07 12:30:27,721 - __main__ - WARNING - Light Front Room Lamp 2 has no brightness attribute
2025-06-07 12:30:27,724 - __main__ - WARNING - Light Front Room Lamp 1 has no brightness attribute
2025-06-07 12:30:27,727 - __main__ - WARNING - Light Bedroom Lamp 2 has no brightness attribute
2025-06-07 12:30:27,729 - __main__ - WARNING - Light Bedroom Lamp 1 has no brightness attribute
2025-06-07 12:30:27,733 - __main__ - WARNING - Light Living Room Downlight 1 has no brightness attribute
2025-06-07 12:30:27,734 - __main__ - WARNING - Light Living Room Downlight 2 has no brightness attribute
2025-06-07 12:30:27,736 - __main__ - WARNING - Light Living Room Downlight 3 has no brightness attribute
2025-06-07 12:30:27,737 - __main__ - WARNING - Light Living Room Downlight 4 has no brightness attribute
2025-06-07 12:30:27,738 - __main__ - WARNING - Light Table Lamp has no brightness attribute
2025-06-07 12:30:27,740 - __main__ - WARNING - Light Tall Lamp has no brightness attribute
2025-06-07 12:30:27,742 - __main__ - WARNING - Light Reading Lamp has no brightness attribute
2025-06-07 12:30:27,744 - __main__ - WARNING - Light Kitchen Sink has no brightness attribute
2025-06-07 12:30:27,746 - __main__ - WARNING - Light Front Room Lamp 2 has no brightness attribute
2025-06-07 12:30:27,748 - __main__ - WARNING - Light Front Room Lamp 1 has no brightness attribute
2025-06-07 12:30:27,749 - __main__ - WARNING - Light Bedroom Lamp 1 has no brightness attribute
2025-06-07 12:30:27,751 - __main__ - WARNING - Light Bedroom Lamp 2 has no brightness attribute
2025-06-07 12:30:27,753 - __main__ - WARNING - Light Living Room Downlight 1 has no brightness attribute
2025-06-07 12:30:27,756 - __main__ - WARNING - Light Living Room Downlight 2 has no brightness attribute
2025-06-07 12:30:27,758 - __main__ - WARNING - Light Living Room Downlight 3 has no brightness attribute
2025-06-07 12:30:27,760 - __main__ - WARNING - Light Living Room Downlight 4 has no brightness attribute
2025-06-07 12:30:29,622 - __main__ - INFO - Hue App started 2025-06-07 12:30:29
2025-06-07 12:30:30,086 - __main__ - WARNING - Light Table Lamp has no brightness attribute
2025-06-07 12:30:30,088 - __main__ - WARNING - Light Reading Lamp has no brightness attribute
2025-06-07 12:30:30,090 - __main__ - WARNING - Light Tall Lamp has no brightness attribute
2025-06-07 12:30:30,094 - __main__ - WARNING - Light Kitchen Sink has no brightness attribute
2025-06-07 12:30:30,097 - __main__ - WARNING - Light Front Room Lamp 2 has no brightness attribute
2025-06-07 12:30:30,099 - __main__ - WARNING - Light Front Room Lamp 1 has no brightness attribute
2025-06-07 12:30:30,103 - __main__ - WARNING - Light Bedroom Lamp 2 has no brightness attribute
2025-06-07 12:30:30,105 - __main__ - WARNING - Light Bedroom Lamp 1 has no brightness attribute
2025-06-07 12:30:30,109 - __main__ - WARNING - Light Living Room Downlight 1 has no brightness attribute
2025-06-07 12:30:30,111 - __main__ - WARNING - Light Living Room Downlight 2 has no brightness attribute
2025-06-07 12:30:30,112 - __main__ - WARNING - Light Living Room Downlight 3 has no brightness attribute
2025-06-07 12:30:30,114 - __main__ - WARNING - Light Living Room Downlight 4 has no brightness attribute
2025-06-07 12:30:30,117 - __main__ - WARNING - Light Table Lamp has no brightness attribute
2025-06-07 12:30:30,119 - __main__ - WARNING - Light Tall Lamp has no brightness attribute
2025-06-07 12:30:30,120 - __main__ - WARNING - Light Reading Lamp has no brightness attribute
2025-06-07 12:30:30,122 - __main__ - WARNING - Light Kitchen Sink has no brightness attribute
2025-06-07 12:30:30,124 - __main__ - WARNING - Light Front Room Lamp 2 has no brightness attribute
2025-06-07 12:30:30,126 - __main__ - WARNING - Light Front Room Lamp 1 has no brightness attribute
2025-06-07 12:30:30,128 - __main__ - WARNING - Light Bedroom Lamp 1 has no brightness attribute
2025-06-07 12:30:30,130 - __main__ - WARNING - Light Bedroom Lamp 2 has no brightness attribute
2025-06-07 12:30:30,133 - __main__ - WARNING - Light Living Room Downlight 1 has no brightness attribute
2025-06-07 12:30:30,135 - __main__ - WARNING - Light Living Room Downlight 2 has no brightness attribute
2025-06-07 12:30:30,136 - __main__ - WARNING - Light Living Room Downlight 3 has no brightness attribute
2025-06-07 12:30:30,138 - __main__ - WARNING - Light Living Room Downlight 4 has no brightness attribute
2025-06-07 12:30:30,197 - __main__ - INFO - Hue App started 2025-06-07 12:30:30
2025-06-07 12:30:30,360 - __main__ - INFO - Auto-refresh update at 12:30:30
2025-06-07 12:30:30,372 - __main__ - INFO - Hue App started 2025-06-07 12:30:30
2025-06-22 16:08:19,741 - __main__ - INFO - Hue App started 2025-06-22 16:08:19
2025-06-22 16:08:19,996 - __main__ - INFO - Auto-refresh update at 16:08:19
2025-06-22 16:08:20,303 - __main__ - WARNING - Light Table Lamp has no brightness attribute
2025-06-22 16:08:20,306 - __main__ - WARNING - Light Reading Lamp has no brightness attribute
2025-06-22 16:08:20,309 - __main__ - WARNING - Light Tall Lamp has no brightness attribute
2025-06-22 16:08:20,313 - __main__ - WARNING - Light Kitchen Sink has no brightness attribute
2025-06-22 16:08:20,316 - __main__ - WARNING - Light Front Room Lamp 2 has no brightness attribute
2025-06-22 16:08:20,318 - __main__ - WARNING - Light Front Room Lamp 1 has no brightness attribute
2025-06-22 16:08:20,321 - __main__ - WARNING - Light Bedroom Lamp 2 has no brightness attribute
2025-06-22 16:08:20,324 - __main__ - WARNING - Light Bedroom Lamp 1 has no brightness attribute
2025-06-22 16:08:20,327 - __main__ - WARNING - Light Living Room Downlight 1 has no brightness attribute
2025-06-22 16:08:20,329 - __main__ - WARNING - Light Living Room Downlight 2 has no brightness attribute
2025-06-22 16:08:20,332 - __main__ - WARNING - Light Living Room Downlight 3 has no brightness attribute
2025-06-22 16:08:20,333 - __main__ - WARNING - Light Living Room Downlight 4 has no brightness attribute
2025-06-22 16:08:20,336 - __main__ - WARNING - Light Table Lamp has no brightness attribute
2025-06-22 16:08:20,338 - __main__ - WARNING - Light Tall Lamp has no brightness attribute
2025-06-22 16:08:20,340 - __main__ - WARNING - Light Reading Lamp has no brightness attribute
2025-06-22 16:08:20,342 - __main__ - WARNING - Light Kitchen Sink has no brightness attribute
2025-06-22 16:08:20,343 - __main__ - WARNING - Light Front Room Lamp 2 has no brightness attribute
2025-06-22 16:08:20,345 - __main__ - WARNING - Light Front Room Lamp 1 has no brightness attribute
2025-06-22 16:08:20,347 - __main__ - WARNING - Light Bedroom Lamp 1 has no brightness attribute
2025-06-22 16:08:20,348 - __main__ - WARNING - Light Bedroom Lamp 2 has no brightness attribute
2025-06-22 16:08:20,350 - __main__ - WARNING - Light Living Room Downlight 1 has no brightness attribute
2025-06-22 16:08:20,352 - __main__ - WARNING - Light Living Room Downlight 2 has no brightness attribute
2025-06-22 16:08:20,353 - __main__ - WARNING - Light Living Room Downlight 3 has no brightness attribute
2025-06-22 16:08:20,355 - __main__ - WARNING - Light Living Room Downlight 4 has no brightness attribute
2025-06-28 10:51:58,432 - __main__ - INFO - Hue App started 2025-06-28 10:51:58
2025-06-28 10:52:05,609 - __main__ - INFO - Hue App started 2025-06-28 10:52:05
2025-06-28 10:52:05,619 - __main__ - WARNING - aiohue discovery failed: Cannot connect to host <aiohttp.client.clientsession object at 0x000001631c5874d0>:80 ssl:default [getaddrinfo failed]
2025-09-01 07:19:07,994 - hue_app - INFO - Hue App started 2025-09-01 07:19:07
2025-09-01 07:19:37,178 - hue_app - INFO - Hue App started 2025-09-01 07:19:37
2025-09-01 07:19:37,201 - __main__ - ERROR - Credentials are invalid. Please reconfigure bridge.
2025-09-01 07:19:54,767 - hue_app - INFO - Hue App started 2025-09-01 07:19:54
2025-09-01 07:19:59,228 - hue_app - INFO - Hue App started 2025-09-01 07:19:59
2025-09-01 07:20:45,223 - hue_app - INFO - Hue App started 2025-09-01 07:20:45
2025-09-01 07:20:45,243 - __main__ - ERROR - Credentials are invalid. Please reconfigure bridge.
2025-09-01 07:21:18,502 - __main__ - INFO - Hue App started 2025-09-01 07:21:18
2025-09-01 07:21:26,384 - __main__ - INFO - Hue App started 2025-09-01 07:21:26
2025-09-01 07:21:35,721 - __main__ - INFO - Hue App started 2025-09-01 07:21:35
2025-09-01 07:21:40,115 - __main__ - INFO - Hue App started 2025-09-01 07:21:40
2025-09-01 07:21:40,144 - __main__ - WARNING - aiohue discovery failed: Cannot connect to host <aiohttp.client.clientsession object at 0x000001d966fbee90>:80 ssl:default [getaddrinfo failed]
2025-09-21 17:47:21 | INFO | __main__:main:1269 | Modern Hue App started at 2025-09-21T17:47:21.115580
2025-09-21 17:47:28 | INFO | __main__:main:1269 | Modern Hue App started at 2025-09-21T17:47:28.569416
2025-09-21 17:47:28 | DEBUG | __main__:is_valid_async:208 | Credential validation failed: HueBridgeV2.__init__() takes 3 positional arguments but 4 were given
2025-09-21 17:47:28 | INFO | __main__:main:1278 | Application shutdown
2025-09-21 17:47:29 | DEBUG | __main__:is_valid_async:208 | Credential validation failed: HueBridgeV2.__init__() takes 3 positional arguments but 4 were given
2025-09-21 17:47:29 | INFO | __main__:main:1278 | Application shutdown
2025-09-21 17:47:59 | INFO | __main__:main:1269 | Modern Hue App started at 2025-09-21T17:47:59.990157
2025-09-21 17:48:00 | WARNING | __main__:discover_bridges_async:250 | Official discovery failed: Cannot connect to host <httpx.asyncclient object at 0x10a5560d0>:80 ssl:default [nodename nor servname provided, or not known]
2025-09-21 17:48:00 | INFO | __main__:main:1269 | Modern Hue App started at 2025-09-21T17:48:00.207793
2025-09-21 17:48:00 | WARNING | __main__:discover_bridges_async:250 | Official discovery failed: Cannot connect to host <httpx.asyncclient object at 0x10a54bdd0>:80 ssl:default [nodename nor servname provided, or not known]
2025-09-21 17:48:00 | INFO | __main__:discover_bridges_async:267 | Discovered 1 unique bridges
2025-09-21 17:48:00 | INFO | __main__:main:1278 | Application shutdown
2025-09-21 17:48:00 | INFO | __main__:discover_bridges_async:267 | Discovered 1 unique bridges
2025-09-21 17:48:00 | INFO | __main__:main:1278 | Application shutdown
2025-09-21 17:48:00 | INFO | __main__:main:1269 | Modern Hue App started at 2025-09-21T17:48:00.416841
2025-09-21 17:48:00 | DEBUG | __main__:is_valid_async:208 | Credential validation failed: HueBridgeV2.__init__() takes 3 positional arguments but 4 were given
2025-09-21 17:48:00 | INFO | __main__:main:1278 | Application shutdown
2025-09-21 17:48:02 | INFO | __main__:main:1269 | Modern Hue App started at 2025-09-21T17:48:02.824134
2025-09-21 17:48:02 | DEBUG | __main__:is_valid_async:208 | Credential validation failed: HueBridgeV2.__init__() takes 3 positional arguments but 4 were given
2025-09-21 17:48:02 | INFO | __main__:main:1278 | Application shutdown
2025-09-21 17:48:06 | INFO | __main__:main:1269 | Modern Hue App started at 2025-09-21T17:48:06.584486
2025-09-21 17:48:06 | DEBUG | __main__:is_valid_async:208 | Credential validation failed: HueBridgeV2.__init__() takes 3 positional arguments but 4 were given
2025-09-21 17:48:06 | INFO | __main__:main:1278 | Application shutdown
2025-09-21 17:50:03 | INFO | hue_app_modern:load:179 | Found legacy credentials, migrating to modern format
2025-09-21 17:50:03 | INFO | hue_app_modern:_migrate_legacy_credentials:211 | Migrating credentials for bridge: 192.168.7.213
2025-09-21 17:50:03 | INFO | hue_app_modern:save:162 | Credentials saved to creds/hue_credentials.json
2025-09-21 17:50:03 | INFO | hue_app_modern:_migrate_legacy_credentials:216 | ✅ Successfully migrated legacy credentials to modern format
2025-09-21 17:50:09 | DEBUG | hue_app_modern:is_valid_async:239 | Credential validation failed: HueBridgeV2.__init__() takes 3 positional arguments but 4 were given
2025-09-21 17:50:43 | DEBUG | hue_app_modern:is_valid_async:239 | Credential validation failed: HueBridgeV2.__init__() takes 3 positional arguments but 4 were given
2025-09-21 17:52:32 | INFO | __main__:main:1300 | Modern Hue App started at 2025-09-21T17:52:32.963609
2025-09-21 17:52:33 | DEBUG | __main__:is_valid_async:239 | Credential validation failed: HueBridgeV2.__init__() takes 3 positional arguments but 4 were given
2025-09-21 17:52:33 | INFO | __main__:main:1309 | Application shutdown
2025-09-21 17:52:36 | INFO | __main__:main:1300 | Modern Hue App started at 2025-09-21T17:52:36.905840
2025-09-21 17:52:36 | DEBUG | __main__:is_valid_async:239 | Credential validation failed: HueBridgeV2.__init__() takes 3 positional arguments but 4 were given
2025-09-21 17:52:36 | INFO | __main__:main:1309 | Application shutdown
2025-09-21 17:52:38 | INFO | __main__:main:1300 | Modern Hue App started at 2025-09-21T17:52:38.254625
2025-09-21 17:52:38 | DEBUG | __main__:is_valid_async:239 | Credential validation failed: HueBridgeV2.__init__() takes 3 positional arguments but 4 were given
2025-09-21 17:52:38 | INFO | __main__:main:1309 | Application shutdown
2025-09-21 17:52:38 | INFO | __main__:main:1300 | Modern Hue App started at 2025-09-21T17:52:38.934481
2025-09-21 17:52:38 | DEBUG | __main__:is_valid_async:239 | Credential validation failed: HueBridgeV2.__init__() takes 3 positional arguments but 4 were given
2025-09-21 17:52:38 | INFO | __main__:main:1309 | Application shutdown
2025-09-21 17:52:45 | INFO | __main__:main:1300 | Modern Hue App started at 2025-09-21T17:52:45.317283
2025-09-21 17:52:45 | WARNING | __main__:discover_bridges_async:281 | Official discovery failed: Cannot connect to host <httpx.asyncclient object at 0x10a70b590>:80 ssl:default [nodename nor servname provided, or not known]
2025-09-21 17:52:45 | INFO | __main__:discover_bridges_async:298 | Discovered 1 unique bridges
2025-09-21 17:52:45 | INFO | __main__:main:1309 | Application shutdown
2025-09-21 17:52:45 | INFO | __main__:main:1300 | Modern Hue App started at 2025-09-21T17:52:45.472514
2025-09-21 17:52:45 | DEBUG | __main__:is_valid_async:239 | Credential validation failed: HueBridgeV2.__init__() takes 3 positional arguments but 4 were given
2025-09-21 17:52:45 | INFO | __main__:main:1309 | Application shutdown
2025-09-21 17:53:23 | DEBUG | hue_app_modern:is_valid_async:239 | Credential validation failed: HueBridgeV2.__init__() takes 3 positional arguments but 4 were given
